<?xml version="1.0" encoding="UTF-8"?>
<testsuite xmlns:xsi="http://www.w3.org/2001/XMLSchema-instance" xsi:noNamespaceSchemaLocation="https://maven.apache.org/surefire/maven-surefire-plugin/xsd/surefire-test-report-3.0.xsd" version="3.0" name="edu.dosw.infrastructure.web.mappers.SellerWebMapperTest" time="0.024" tests="8" errors="0" skipped="0" failures="0">
  <properties>
[...]
</properties>
  <testcase name="shouldHandleLongBusinessAddresses" classname="edu.dosw.infrastructure.web.mappers.SellerWebMapperTest" time="0.004"/>
  <testcase name="shouldConvertSellerDTOToCreateCommandCorrectly" classname="edu.dosw.infrastructure.web.mappers.SellerWebMapperTest" time="0.0"/>
  <testcase name="shouldConvertSellerToSellerUpdateDTOCorrectly" classname="edu.dosw.infrastructure.web.mappers.SellerWebMapperTest" time="0.0"/>
  <testcase name="shouldIncludePasswordInCreateCommand" classname="edu.dosw.infrastructure.web.mappers.SellerWebMapperTest" time="0.0"/>
  <testcase name="toDTOShouldReturnEmptyPassword" classname="edu.dosw.infrastructure.web.mappers.SellerWebMapperTest" time="0.0"/>
  <testcase name="shouldConvertSellerToSellerDTOCorrectly" classname="edu.dosw.infrastructure.web.mappers.SellerWebMapperTest" time="0.001"/>
  <testcase name="shouldPreserveCompanyNameAndAddressInAllConversions" classname="edu.dosw.infrastructure.web.mappers.SellerWebMapperTest" time="0.01"/>
  <testcase name="shouldConvertSellerUpdateDTOToUpdateCommandCorrectly" classname="edu.dosw.infrastructure.web.mappers.SellerWebMapperTest" time="0.001"/>
</testsuite>